commit e4697aacaebf0d165c11d137bf3bd02cee573a36
Author: Seth Johns <sethjohns@mail.weber.edu>
Date:   Tue Nov 29 12:55:54 2016 -0700

    extra credit done python 2

commit 69c9760672869cec9f0630dc9237e66a3d4e79ea
Author: Seth Johns <sethjohns@mail.weber.edu>
Date:   Tue Nov 29 12:25:04 2016 -0700

    changed name of second assignment

commit d53d11d3045d830eb9563bd57be0fba1f3502e5f
Author: Seth Johns <sethjohns@mail.weber.edu>
Date:   Tue Nov 29 12:04:29 2016 -0700

    changed name of file and it completes python 1

commit e5621167a044f01748bfbb1da06436be09ffb660
Author: Seth Johns <sethjohns@mail.weber.edu>
Date:   Mon Nov 28 22:53:14 2016 -0700

    templates for python

commit b9470a5a41221918370db09d4b3060a6fbfc2c55
Author: sethifur <sethjohns@mail.weber.edu>
Date:   Mon Nov 28 22:47:24 2016 -0700

    Initial commit
